<?xml version="1.0" encoding="UTF-8"?>
<beans xmlns="http://www.springframework.org/schema/beans"
	xmlns:context="http://www.springframework.org/schema/context"
	xmlns:beans="http://www.springframework.org/schema/beans" xmlns:xsi="http://www.w3.org/2001/XMLSchema-instance"
	xmlns:mvc="http://www.springframework.org/schema/mvc"
	xsi:schemaLocation="
http://www.springframework.org/schema/beans 
http://www.springframework.org/schema/beans/spring-beans-3.0.xsd
http://www.springframework.org/schema/mvc
http://www.springframework.org/schema/mvc/spring-mvc-3.0.xsd
http://www.springframework.org/schema/context 
http://www.springframework.org/schema/context/spring-context-3.0.xsd">

	<mvc:annotation-driven />

	<mvc:resources mapping="/resources/**" location="/resources/" />

	<mvc:interceptors>
		<beans:bean class="br.com.tavernadodragao.interceptor.LoginInterceptor" />
	</mvc:interceptors>

	<context:component-scan base-package="br.com.tavernadodragao.controller" />
	<context:component-scan base-package="br.com.tavernadodragao.dao" />
	<context:component-scan base-package="br.com.tavernadodragao.interceptor" />
	<context:component-scan base-package="br.com.tavernadodragao.model" />

	<bean
		class="org.springframework.web.servlet.view.InternalResourceViewResolver">
		<property name="prefix" value="/views/" />
		<property name="suffix" value=".jsp" />
	</bean>

	<bean id="multipartResolver" class="org.springframework.web.multipart.commons.CommonsMultipartResolver">
         <!-- setting maximum upload size -->
        <property name="maxUploadSize" value="4200000" />
    </bean>
    
	<!-- Configs -->
	<bean
		class="org.springframework.beans.factory.annotation.AutowiredAnnotationBeanPostProcessor" />

	<!-- Daos -->
	<bean id="userDao" class="br.com.tavernadodragao.dao.UserDao" autowire="byType" />
	<bean id="campaignDao" class="br.com.tavernadodragao.dao.CampaignDao" autowire="byType" />
	<bean id="activityDao" class="br.com.tavernadodragao.dao.ActivityDao" autowire="byType" />
	<bean id="messageDao" class="br.com.tavernadodragao.dao.MessageDao" autowire="byType" />
	<bean id="charactersheetDao" class="br.com.tavernadodragao.dao.CharactersheetDao" autowire="byType" />
	
	<bean id="transactionManager"
		class="org.springframework.orm.hibernate4.HibernateTransactionManager">
		<property name="sessionFactory" ref="sessionFactory" />
	</bean>
	
	<bean id="propertyConfigurer"
		class="org.springframework.beans.factory.config.PropertyPlaceholderConfigurer">
		<property name="locations">
			<list>
				<value>classpath:database.properties</value>
				<value>classpath*:database-local.properties</value>
			</list>
		</property>
	</bean>

	<bean id="dataSource" class="org.apache.commons.dbcp.BasicDataSource"
		destroy-method="close">
		<property name="driverClassName" value="${database.driver.class}" />
		<property name="url" value="${database.url}" />
		<property name="username" value="${database.username}" />
		<property name="password" value="${database.password}" />
	</bean>

	<bean id="sessionFactory"
		class="org.springframework.orm.hibernate4.LocalSessionFactoryBean">
		<property name="dataSource" ref="dataSource" />
		<property name="hibernateProperties">
			<props>
				<prop key="hibernate.dialect">${database.dialect}</prop>
				<prop key="hibernate.show_sql">true</prop>
				<prop key="hibernate.hbm2ddl.auto">create</prop>
			</props>
		</property>
		<property name="packagesToScan">
			<list>
				<value>br.com.tavernadodragao.model</value>
			</list>
		</property>
	</bean>
</beans>